2021-06-28 16:35:50,375 INFO: 你的area是[ 19_1607_4773_0 ]，链接的商品id是[ 100003406321 ]
2021-06-28 16:43:34,320 INFO: V2版本当前模式[极速模式]
2021-06-28 16:43:34,668 INFO: 校验是否登录[失败]
2021-06-28 16:43:34,670 INFO: 请在configDemo.ini文件下更新cookie
2021-06-28 16:43:39,729 INFO: 校验是否登录[失败]
2021-06-28 16:43:39,729 INFO: 请在configDemo.ini文件下更新cookie
2021-06-28 16:43:46,076 ERROR: Request error: ('Connection aborted.', RemoteDisconnected('Remote end closed connection without response'))
2021-06-28 23:13:54,162 INFO: V2版本当前模式[极速模式]
2021-06-28 23:13:54,776 INFO: 校验是否登录[成功]
2021-06-28 23:13:55,727 INFO: 登录账号名称[我不是咖啡熊]
2021-06-28 23:13:56,569 INFO: 清空购物车
2021-06-28 23:13:56,569 INFO: 第1次 
2021-06-28 23:13:56,737 INFO: 检测[0]个口罩有货，[1]个口罩无货，[0]个口罩下柜，耗时[168]ms
2021-06-28 23:13:56,837 INFO: 第2次 
2021-06-28 23:13:56,982 INFO: 检测[0]个口罩有货，[1]个口罩无货，[0]个口罩下柜，耗时[145]ms
2021-06-28 23:13:57,082 INFO: 第3次 
2021-06-28 23:13:57,229 INFO: 检测[0]个口罩有货，[1]个口罩无货，[0]个口罩下柜，耗时[147]ms
2021-06-28 23:13:57,429 INFO: 第4次 
2021-06-28 23:13:57,576 INFO: 检测[0]个口罩有货，[1]个口罩无货，[0]个口罩下柜，耗时[147]ms
2021-06-28 23:13:57,677 INFO: 第5次 
2021-06-28 23:13:57,813 INFO: 检测[0]个口罩有货，[1]个口罩无货，[0]个口罩下柜，耗时[136]ms
2021-06-28 23:13:57,913 INFO: 第6次 
2021-06-28 23:13:58,055 INFO: 检测[0]个口罩有货，[1]个口罩无货，[0]个口罩下柜，耗时[142]ms
2021-06-28 23:13:58,254 INFO: 第7次 
2021-06-28 23:13:58,398 INFO: 检测[0]个口罩有货，[1]个口罩无货，[0]个口罩下柜，耗时[144]ms
2021-06-28 23:13:58,498 INFO: 第8次 
2021-06-28 23:13:58,637 INFO: 检测[0]个口罩有货，[1]个口罩无货，[0]个口罩下柜，耗时[139]ms
2021-06-28 23:13:58,738 INFO: 第9次 
2021-06-28 23:13:58,882 INFO: 检测[0]个口罩有货，[1]个口罩无货，[0]个口罩下柜，耗时[144]ms
2021-06-28 23:13:59,182 INFO: 第10次 
2021-06-28 23:13:59,336 INFO: 检测[0]个口罩有货，[1]个口罩无货，[0]个口罩下柜，耗时[154]ms
2021-06-28 23:13:59,536 INFO: 第11次 
2021-06-28 23:13:59,689 INFO: 检测[0]个口罩有货，[1]个口罩无货，[0]个口罩下柜，耗时[153]ms
2021-06-28 23:13:59,890 INFO: 第12次 
2021-06-28 23:14:00,032 INFO: 检测[0]个口罩有货，[1]个口罩无货，[0]个口罩下柜，耗时[142]ms
2021-06-28 23:14:00,333 INFO: 第13次 
2021-06-28 23:14:00,462 INFO: 检测[0]个口罩有货，[1]个口罩无货，[0]个口罩下柜，耗时[129]ms
2021-06-28 23:14:00,562 INFO: 第14次 
2021-06-28 23:14:00,714 INFO: 检测[0]个口罩有货，[1]个口罩无货，[0]个口罩下柜，耗时[152]ms
2021-06-28 23:14:00,814 INFO: 第15次 
2021-06-28 23:14:00,954 INFO: 检测[0]个口罩有货，[1]个口罩无货，[0]个口罩下柜，耗时[140]ms
2021-06-28 23:14:01,154 INFO: 第16次 
2021-06-28 23:14:01,293 INFO: 检测[0]个口罩有货，[1]个口罩无货，[0]个口罩下柜，耗时[139]ms
2021-06-28 23:14:01,493 INFO: 第17次 
2021-06-28 23:14:01,630 INFO: 检测[0]个口罩有货，[1]个口罩无货，[0]个口罩下柜，耗时[137]ms
2021-06-28 23:14:01,930 INFO: 第18次 
2021-06-28 23:14:02,065 INFO: 检测[0]个口罩有货，[1]个口罩无货，[0]个口罩下柜，耗时[135]ms
2021-06-28 23:14:02,266 INFO: 第19次 
2021-06-28 23:14:02,412 INFO: 检测[0]个口罩有货，[1]个口罩无货，[0]个口罩下柜，耗时[146]ms
2021-06-28 23:14:02,612 INFO: 第20次 
2021-06-28 23:14:02,753 INFO: 检测[0]个口罩有货，[1]个口罩无货，[0]个口罩下柜，耗时[141]ms
2021-06-28 23:14:03,053 INFO: 第21次 
2021-06-28 23:14:03,194 INFO: 检测[0]个口罩有货，[1]个口罩无货，[0]个口罩下柜，耗时[141]ms
2021-06-28 23:14:03,294 INFO: 第22次 
2021-06-28 23:14:03,437 INFO: 检测[0]个口罩有货，[1]个口罩无货，[0]个口罩下柜，耗时[143]ms
2021-06-28 23:14:03,537 INFO: 第23次 
2021-06-28 23:14:03,666 INFO: 检测[0]个口罩有货，[1]个口罩无货，[0]个口罩下柜，耗时[129]ms
2021-06-28 23:14:03,867 INFO: 第24次 
2021-06-28 23:14:04,015 INFO: 检测[0]个口罩有货，[1]个口罩无货，[0]个口罩下柜，耗时[148]ms
2021-06-28 23:14:04,215 INFO: 第25次 
2021-06-28 23:14:04,367 INFO: 检测[0]个口罩有货，[1]个口罩无货，[0]个口罩下柜，耗时[152]ms
2021-06-28 23:14:04,568 INFO: 第26次 
2021-06-28 23:14:04,705 INFO: 检测[0]个口罩有货，[1]个口罩无货，[0]个口罩下柜，耗时[137]ms
2021-06-28 23:14:04,906 INFO: 第27次 
2021-06-28 23:14:05,055 INFO: 检测[0]个口罩有货，[1]个口罩无货，[0]个口罩下柜，耗时[149]ms
2021-06-28 23:14:05,155 INFO: 第28次 
2021-06-28 23:14:05,305 INFO: 检测[0]个口罩有货，[1]个口罩无货，[0]个口罩下柜，耗时[150]ms
2021-06-28 23:14:05,405 INFO: 第29次 
2021-06-28 23:14:05,542 INFO: 检测[0]个口罩有货，[1]个口罩无货，[0]个口罩下柜，耗时[137]ms
2021-06-28 23:14:05,642 INFO: 第30次 
2021-06-28 23:14:05,786 INFO: 检测[0]个口罩有货，[1]个口罩无货，[0]个口罩下柜，耗时[144]ms
2021-06-28 23:14:06,086 INFO: 第31次 
2021-06-28 23:14:06,237 INFO: 检测[0]个口罩有货，[1]个口罩无货，[0]个口罩下柜，耗时[151]ms
2021-06-28 23:14:06,437 INFO: 第32次 
2021-06-28 23:14:06,576 INFO: 检测[0]个口罩有货，[1]个口罩无货，[0]个口罩下柜，耗时[139]ms
2021-06-28 23:14:06,776 INFO: 第33次 
2021-06-28 23:14:06,913 INFO: 检测[0]个口罩有货，[1]个口罩无货，[0]个口罩下柜，耗时[137]ms
2021-06-28 23:14:07,213 INFO: 第34次 
2021-06-28 23:14:07,343 INFO: 检测[0]个口罩有货，[1]个口罩无货，[0]个口罩下柜，耗时[130]ms
2021-06-28 23:14:07,443 INFO: 第35次 
2021-06-28 23:14:07,580 INFO: 检测[0]个口罩有货，[1]个口罩无货，[0]个口罩下柜，耗时[137]ms
2021-06-28 23:14:07,781 INFO: 第36次 
2021-06-28 23:14:07,918 INFO: 检测[0]个口罩有货，[1]个口罩无货，[0]个口罩下柜，耗时[137]ms
2021-06-28 23:14:08,118 INFO: 第37次 
2021-06-28 23:14:08,257 INFO: 检测[0]个口罩有货，[1]个口罩无货，[0]个口罩下柜，耗时[139]ms
2021-06-28 23:14:08,358 INFO: 第38次 
2021-06-28 23:14:08,495 INFO: 检测[0]个口罩有货，[1]个口罩无货，[0]个口罩下柜，耗时[137]ms
2021-06-28 23:14:08,795 INFO: 第39次 
2021-06-28 23:14:08,937 INFO: 检测[0]个口罩有货，[1]个口罩无货，[0]个口罩下柜，耗时[142]ms
2021-06-28 23:14:09,137 INFO: 第40次 
2021-06-28 23:14:09,290 INFO: 检测[0]个口罩有货，[1]个口罩无货，[0]个口罩下柜，耗时[152]ms
2021-06-28 23:14:09,390 INFO: 第41次 
2021-06-28 23:14:09,520 INFO: 检测[0]个口罩有货，[1]个口罩无货，[0]个口罩下柜，耗时[130]ms
2021-06-28 23:14:09,720 INFO: 第42次 
2021-06-28 23:14:09,860 INFO: 检测[0]个口罩有货，[1]个口罩无货，[0]个口罩下柜，耗时[140]ms
2021-06-28 23:14:10,060 INFO: 第43次 
2021-06-28 23:14:10,198 INFO: 检测[0]个口罩有货，[1]个口罩无货，[0]个口罩下柜，耗时[138]ms
2021-06-28 23:14:10,298 INFO: 第44次 
2021-06-28 23:14:10,436 INFO: 检测[0]个口罩有货，[1]个口罩无货，[0]个口罩下柜，耗时[138]ms
2021-06-29 08:59:37,054 INFO: V2版本当前模式[极速模式]
2021-06-29 08:59:37,665 INFO: 校验是否登录[成功]
2021-06-29 08:59:37,865 INFO: 登录账号名称[我不是咖啡熊]
2021-06-29 08:59:38,197 INFO: 清空购物车
2021-06-29 08:59:38,198 INFO: 第1次 
2021-06-29 08:59:38,369 INFO: 检测[0]个口罩有货，[1]个口罩无货，[0]个口罩下柜，耗时[172]ms
2021-06-29 08:59:38,671 INFO: 第2次 
2021-06-29 08:59:38,852 INFO: 检测[0]个口罩有货，[1]个口罩无货，[0]个口罩下柜，耗时[182]ms
2021-06-29 08:59:39,054 INFO: 第3次 
2021-06-29 08:59:39,222 INFO: 检测[0]个口罩有货，[1]个口罩无货，[0]个口罩下柜，耗时[167]ms
2021-06-29 08:59:39,422 INFO: 第4次 
2021-06-29 08:59:39,584 INFO: 检测[0]个口罩有货，[1]个口罩无货，[0]个口罩下柜，耗时[161]ms
2021-06-29 08:59:39,884 INFO: 第5次 
2021-06-29 08:59:40,039 INFO: 检测[0]个口罩有货，[1]个口罩无货，[0]个口罩下柜，耗时[155]ms
2021-06-29 08:59:40,239 INFO: 第6次 
2021-06-29 08:59:40,392 INFO: 检测[0]个口罩有货，[1]个口罩无货，[0]个口罩下柜，耗时[154]ms
2021-06-29 08:59:40,692 INFO: 第7次 
2021-06-29 08:59:40,859 INFO: 检测[0]个口罩有货，[1]个口罩无货，[0]个口罩下柜，耗时[168]ms
2021-06-29 08:59:41,060 INFO: 第8次 
2021-06-29 08:59:41,223 INFO: 检测[0]个口罩有货，[1]个口罩无货，[0]个口罩下柜，耗时[163]ms
2021-06-29 08:59:41,424 INFO: 第9次 
2021-06-29 08:59:41,575 INFO: 检测[0]个口罩有货，[1]个口罩无货，[0]个口罩下柜，耗时[151]ms
2021-06-29 08:59:41,775 INFO: 第10次 
2021-06-29 08:59:41,937 INFO: 检测[0]个口罩有货，[1]个口罩无货，[0]个口罩下柜，耗时[163]ms
2021-06-29 08:59:42,139 INFO: 第11次 
2021-06-29 08:59:42,295 INFO: 检测[0]个口罩有货，[1]个口罩无货，[0]个口罩下柜，耗时[155]ms
2021-06-29 08:59:42,395 INFO: 第12次 
2021-06-29 08:59:42,562 INFO: 检测[0]个口罩有货，[1]个口罩无货，[0]个口罩下柜，耗时[167]ms
2021-06-29 08:59:42,663 INFO: 第13次 
2021-06-29 08:59:42,815 INFO: 检测[0]个口罩有货，[1]个口罩无货，[0]个口罩下柜，耗时[152]ms
2021-06-29 08:59:42,915 INFO: 第14次 
2021-06-29 08:59:43,085 INFO: 检测[0]个口罩有货，[1]个口罩无货，[0]个口罩下柜，耗时[169]ms
2021-06-29 08:59:43,384 INFO: 第15次 
2021-06-29 08:59:43,549 INFO: 检测[0]个口罩有货，[1]个口罩无货，[0]个口罩下柜，耗时[164]ms
2021-06-29 08:59:43,848 INFO: 第16次 
2021-06-29 08:59:44,019 INFO: 检测[0]个口罩有货，[1]个口罩无货，[0]个口罩下柜，耗时[171]ms
2021-06-29 08:59:44,320 INFO: 第17次 
2021-06-29 08:59:44,478 INFO: 检测[0]个口罩有货，[1]个口罩无货，[0]个口罩下柜，耗时[157]ms
2021-06-29 08:59:44,679 INFO: 第18次 
2021-06-29 08:59:44,845 INFO: 检测[0]个口罩有货，[1]个口罩无货，[0]个口罩下柜，耗时[166]ms
2021-06-29 08:59:45,044 INFO: 第19次 
2021-06-29 08:59:45,215 INFO: 检测[0]个口罩有货，[1]个口罩无货，[0]个口罩下柜，耗时[171]ms
2021-06-29 08:59:45,415 INFO: 第20次 
2021-06-29 08:59:45,575 INFO: 检测[0]个口罩有货，[1]个口罩无货，[0]个口罩下柜，耗时[159]ms
2021-06-29 08:59:45,875 INFO: 第21次 
2021-06-29 08:59:46,025 INFO: 检测[0]个口罩有货，[1]个口罩无货，[0]个口罩下柜，耗时[150]ms
2021-06-29 08:59:46,127 INFO: 第22次 
2021-06-29 08:59:46,296 INFO: 检测[0]个口罩有货，[1]个口罩无货，[0]个口罩下柜，耗时[169]ms
2021-06-29 08:59:46,596 INFO: 第23次 
2021-06-29 08:59:46,755 INFO: 检测[0]个口罩有货，[1]个口罩无货，[0]个口罩下柜，耗时[157]ms
2021-06-29 08:59:46,855 INFO: 第24次 
2021-06-29 08:59:47,024 INFO: 检测[0]个口罩有货，[1]个口罩无货，[0]个口罩下柜，耗时[169]ms
2021-06-29 08:59:47,225 INFO: 第25次 
2021-06-29 08:59:47,375 INFO: 检测[0]个口罩有货，[1]个口罩无货，[0]个口罩下柜，耗时[150]ms
2021-06-29 08:59:47,676 INFO: 第26次 
2021-06-29 08:59:47,856 INFO: 检测[0]个口罩有货，[1]个口罩无货，[0]个口罩下柜，耗时[180]ms
2021-06-29 08:59:48,156 INFO: 第27次 
2021-06-29 08:59:48,313 INFO: 检测[0]个口罩有货，[1]个口罩无货，[0]个口罩下柜，耗时[158]ms
2021-06-29 08:59:48,614 INFO: 第28次 
2021-06-29 08:59:48,779 INFO: 检测[0]个口罩有货，[1]个口罩无货，[0]个口罩下柜，耗时[166]ms
2021-06-29 08:59:49,079 INFO: 第29次 
2021-06-29 08:59:49,246 INFO: 检测[0]个口罩有货，[1]个口罩无货，[0]个口罩下柜，耗时[167]ms
2021-06-29 08:59:49,348 INFO: 第30次 
2021-06-29 08:59:49,519 INFO: 检测[0]个口罩有货，[1]个口罩无货，[0]个口罩下柜，耗时[171]ms
2021-06-29 08:59:49,618 INFO: 第31次 
2021-06-29 08:59:49,779 INFO: 检测[0]个口罩有货，[1]个口罩无货，[0]个口罩下柜，耗时[160]ms
2021-06-29 08:59:49,980 INFO: 第32次 
2021-06-29 08:59:50,136 INFO: 检测[0]个口罩有货，[1]个口罩无货，[0]个口罩下柜，耗时[156]ms
2021-06-29 08:59:50,336 INFO: 第33次 
2021-06-29 08:59:50,499 INFO: 检测[0]个口罩有货，[1]个口罩无货，[0]个口罩下柜，耗时[162]ms
2021-06-29 09:00:09,187 INFO: V2版本当前模式[普通模式]
2021-06-29 09:00:09,787 INFO: 校验是否登录[成功]
2021-06-29 09:00:09,958 INFO: 登录账号名称[我不是咖啡熊]
2021-06-29 09:00:09,959 INFO: 第1次 
2021-06-29 09:00:19,960 INFO: 第2次 
2021-06-29 09:00:29,961 INFO: 第3次 
2021-06-29 09:00:39,963 INFO: 第4次 
2021-06-29 09:02:06,135 INFO: V2版本当前模式[极速模式]
2021-06-29 09:02:06,785 INFO: 校验是否登录[成功]
2021-06-29 09:02:06,955 INFO: 登录账号名称[我不是咖啡熊]
2021-06-29 09:02:07,220 INFO: 清空购物车
2021-06-29 09:02:07,220 INFO: 第1次 
2021-06-29 09:02:07,381 INFO: 检测[0]个口罩有货，[1]个口罩无货，[0]个口罩下柜，耗时[159]ms
2021-06-29 09:02:07,582 INFO: 第2次 
2021-06-29 09:02:07,748 INFO: 检测[0]个口罩有货，[1]个口罩无货，[0]个口罩下柜，耗时[166]ms
2021-06-29 09:02:08,049 INFO: 第3次 
2021-06-29 09:02:08,214 INFO: 检测[0]个口罩有货，[1]个口罩无货，[0]个口罩下柜，耗时[165]ms
2021-06-29 09:02:08,414 INFO: 第4次 
2021-06-29 09:02:08,574 INFO: 检测[0]个口罩有货，[1]个口罩无货，[0]个口罩下柜，耗时[160]ms
2021-06-29 09:02:08,875 INFO: 第5次 
2021-06-29 09:02:09,041 INFO: 检测[0]个口罩有货，[1]个口罩无货，[0]个口罩下柜，耗时[166]ms
2021-06-29 09:02:09,241 INFO: 第6次 
2021-06-29 09:02:09,419 INFO: 检测[0]个口罩有货，[1]个口罩无货，[0]个口罩下柜，耗时[178]ms
2021-06-29 09:02:09,618 INFO: 第7次 
2021-06-29 09:02:09,782 INFO: 检测[0]个口罩有货，[1]个口罩无货，[0]个口罩下柜，耗时[163]ms
2021-06-29 09:02:09,982 INFO: 第8次 
2021-06-29 09:02:10,151 INFO: 检测[0]个口罩有货，[1]个口罩无货，[0]个口罩下柜，耗时[169]ms
2021-06-29 09:02:10,451 INFO: 第9次 
2021-06-29 09:02:10,606 INFO: 检测[0]个口罩有货，[1]个口罩无货，[0]个口罩下柜，耗时[154]ms
2021-06-29 09:02:10,806 INFO: 第10次 
2021-06-29 09:02:10,974 INFO: 检测[0]个口罩有货，[1]个口罩无货，[0]个口罩下柜，耗时[168]ms
2021-06-29 09:02:11,073 INFO: 第11次 
2021-06-29 09:02:11,241 INFO: 检测[0]个口罩有货，[1]个口罩无货，[0]个口罩下柜，耗时[167]ms
2021-06-29 09:02:11,542 INFO: 第12次 
2021-06-29 09:02:11,695 INFO: 检测[0]个口罩有货，[1]个口罩无货，[0]个口罩下柜，耗时[153]ms
2021-06-29 09:02:11,894 INFO: 第13次 
2021-06-29 09:02:12,055 INFO: 检测[0]个口罩有货，[1]个口罩无货，[0]个口罩下柜，耗时[160]ms
2021-07-01 09:57:06,420 INFO: V2版本当前模式[极速模式]
2021-07-01 09:57:06,618 INFO: 校验是否登录[失败]
2021-07-01 09:57:06,618 INFO: 请在configDemo.ini文件下更新cookie
2021-07-01 09:57:11,683 INFO: 校验是否登录[失败]
2021-07-01 09:57:11,684 INFO: 请在configDemo.ini文件下更新cookie
2021-07-01 09:58:25,975 INFO: V2版本当前模式[极速模式]
2021-07-01 09:58:26,233 INFO: 校验是否登录[失败]
2021-07-01 09:58:26,233 INFO: 请在configDemo.ini文件下更新cookie
